[0927/230223:ERROR:renderer_main.cc(226)] Running without renderer sandbox
[0927/230226:ERROR:renderer_main.cc(226)] Running without renderer sandbox
[0927/231319:ERROR:tcp_listen_socket.cc(69)] Could not bind socket to 127.0.0.1:20480
[0927/231319:ERROR:renderer_main.cc(226)] Running without renderer sandbox
[0927/231327:ERROR:renderer_main.cc(226)] Running without renderer sandbox
[0927/231406:ERROR:renderer_main.cc(226)] Running without renderer sandbox
[0927/231418:ERROR:renderer_main.cc(226)] Running without renderer sandbox
[0927/231611:ERROR:renderer_main.cc(226)] Running without renderer sandbox
[0927/231614:ERROR:renderer_main.cc(226)] Running without renderer sandbox
[0927/232007:ERROR:renderer_main.cc(226)] Running without renderer sandbox
[0927/232007:ERROR:renderer_main.cc(226)] Running without renderer sandbox
[0927/232054:ERROR:renderer_main.cc(226)] Running without renderer sandbox
[0927/232054:ERROR:renderer_main.cc(226)] Running without renderer sandbox
[0927/232250:ERROR:ipc_channel_win.cc(405)] pipe error: 232
[0927/232250:ERROR:renderer_main.cc(226)] Running without renderer sandbox
[0927/232250:ERROR:renderer_main.cc(226)] Running without renderer sandbox
[0927/232316:ERROR:renderer_main.cc(226)] Running without renderer sandbox
[0927/232316:ERROR:renderer_main.cc(226)] Running without renderer sandbox
[0927/232338:ERROR:renderer_main.cc(226)] Running without renderer sandbox
[0927/232338:ERROR:renderer_main.cc(226)] Running without renderer sandbox
[0927/232445:ERROR:renderer_main.cc(226)] Running without renderer sandbox
[0927/232448:ERROR:renderer_main.cc(226)] Running without renderer sandbox
[0927/232840:ERROR:renderer_main.cc(226)] Running without renderer sandbox
[0927/232840:ERROR:renderer_main.cc(226)] Running without renderer sandbox
[0927/232907:ERROR:renderer_main.cc(226)] Running without renderer sandbox
[0927/233044:ERROR:renderer_main.cc(226)] Running without renderer sandbox
[0927/233044:ERROR:renderer_main.cc(226)] Running without renderer sandbox
[0927/233054:ERROR:renderer_main.cc(226)] Running without renderer sandbox
[0927/233054:ERROR:renderer_main.cc(226)] Running without renderer sandbox
[0927/233115:ERROR:renderer_main.cc(226)] Running without renderer sandbox
[0927/233115:ERROR:renderer_main.cc(226)] Running without renderer sandbox
[0927/233130:ERROR:renderer_main.cc(226)] Running without renderer sandbox
[0927/233130:ERROR:renderer_main.cc(226)] Running without renderer sandbox
[0927/233141:ERROR:renderer_main.cc(226)] Running without renderer sandbox
[0927/233148:ERROR:renderer_main.cc(226)] Running without renderer sandbox
[0927/233148:ERROR:renderer_main.cc(226)] Running without renderer sandbox
[0927/233209:ERROR:renderer_main.cc(226)] Running without renderer sandbox
[0927/233209:ERROR:renderer_main.cc(226)] Running without renderer sandbox
[0927/233217:ERROR:renderer_main.cc(226)] Running without renderer sandbox
[0927/233217:ERROR:renderer_main.cc(226)] Running without renderer sandbox
[0927/233251:ERROR:renderer_main.cc(226)] Running without renderer sandbox
[0927/233251:ERROR:renderer_main.cc(226)] Running without renderer sandbox
[0928/092836:ERROR:renderer_main.cc(226)] Running without renderer sandbox
[0928/092857:ERROR:renderer_main.cc(226)] Running without renderer sandbox
[0928/093235:ERROR:renderer_main.cc(226)] Running without renderer sandbox
[0928/093244:ERROR:renderer_main.cc(226)] Running without renderer sandbox
[0928/093259:ERROR:renderer_main.cc(226)] Running without renderer sandbox
[0928/093538:ERROR:renderer_main.cc(226)] Running without renderer sandbox
[0928/093538:ERROR:renderer_main.cc(226)] Running without renderer sandbox
[0928/093831:ERROR:renderer_main.cc(226)] Running without renderer sandbox
[0928/093831:ERROR:renderer_main.cc(226)] Running without renderer sandbox
[0928/093958:ERROR:renderer_main.cc(226)] Running without renderer sandbox
[0928/093958:ERROR:renderer_main.cc(226)] Running without renderer sandbox
[0928/094220:ERROR:renderer_main.cc(226)] Running without renderer sandbox
[0928/094314:ERROR:renderer_main.cc(226)] Running without renderer sandbox
[0928/094314:ERROR:renderer_main.cc(226)] Running without renderer sandbox
[0928/094338:ERROR:renderer_main.cc(226)] Running without renderer sandbox
[0928/094338:ERROR:renderer_main.cc(226)] Running without renderer sandbox
[0928/111124:ERROR:renderer_main.cc(226)] Running without renderer sandbox
[0928/111214:ERROR:renderer_main.cc(226)] Running without renderer sandbox
[0928/111242:ERROR:renderer_main.cc(226)] Running without renderer sandbox
[0928/111245:ERROR:renderer_main.cc(226)] Running without renderer sandbox
[0928/111253:ERROR:ipc_channel_win.cc(405)] pipe error: 232
[0928/111313:ERROR:renderer_main.cc(226)] Running without renderer sandbox
[0928/112020:ERROR:renderer_main.cc(226)] Running without renderer sandbox
[0928/112043:ERROR:renderer_main.cc(226)] Running without renderer sandbox
[0928/112043:ERROR:renderer_main.cc(226)] Running without renderer sandbox
[0928/114531:ERROR:renderer_main.cc(226)] Running without renderer sandbox
[0928/114531:ERROR:renderer_main.cc(226)] Running without renderer sandbox
[0928/114752:ERROR:ipc_channel_win.cc(405)] pipe error: 232
[0928/114752:ERROR:renderer_main.cc(226)] Running without renderer sandbox
[0928/114752:ERROR:renderer_main.cc(226)] Running without renderer sandbox
[0928/115141:ERROR:renderer_main.cc(226)] Running without renderer sandbox
[0928/115457:ERROR:renderer_main.cc(226)] Running without renderer sandbox
[0928/115533:ERROR:renderer_main.cc(226)] Running without renderer sandbox
[0928/115702:ERROR:renderer_main.cc(226)] Running without renderer sandbox
[0928/115707:ERROR:renderer_main.cc(226)] Running without renderer sandbox
[0928/115707:ERROR:renderer_main.cc(226)] Running without renderer sandbox
[0928/115855:ERROR:renderer_main.cc(226)] Running without renderer sandbox
[0928/115855:ERROR:renderer_main.cc(226)] Running without renderer sandbox
[0928/115913:ERROR:renderer_main.cc(226)] Running without renderer sandbox
[0928/115913:ERROR:renderer_main.cc(226)] Running without renderer sandbox
[0928/120203:ERROR:renderer_main.cc(226)] Running without renderer sandbox
[0928/120203:ERROR:renderer_main.cc(226)] Running without renderer sandbox
[0928/120221:ERROR:renderer_main.cc(226)] Running without renderer sandbox
[0928/120230:ERROR:renderer_main.cc(226)] Running without renderer sandbox
[0928/120230:ERROR:renderer_main.cc(226)] Running without renderer sandbox
[0928/120356:ERROR:renderer_main.cc(226)] Running without renderer sandbox
[0928/120356:ERROR:renderer_main.cc(226)] Running without renderer sandbox
[0928/120436:ERROR:renderer_main.cc(226)] Running without renderer sandbox
[0928/120436:ERROR:renderer_main.cc(226)] Running without renderer sandbox
[0928/120505:ERROR:renderer_main.cc(226)] Running without renderer sandbox
[0928/120505:ERROR:renderer_main.cc(226)] Running without renderer sandbox
[0928/120510:ERROR:renderer_main.cc(226)] Running without renderer sandbox
[0928/120603:ERROR:renderer_main.cc(226)] Running without renderer sandbox
[0928/120603:ERROR:renderer_main.cc(226)] Running without renderer sandbox
[0928/120708:ERROR:renderer_main.cc(226)] Running without renderer sandbox
[0928/120708:ERROR:renderer_main.cc(226)] Running without renderer sandbox
[0928/120939:ERROR:renderer_main.cc(226)] Running without renderer sandbox
[0928/120939:ERROR:renderer_main.cc(226)] Running without renderer sandbox
[0928/121509:ERROR:renderer_main.cc(226)] Running without renderer sandbox
[0928/122544:ERROR:renderer_main.cc(226)] Running without renderer sandbox
[0928/122609:ERROR:renderer_main.cc(226)] Running without renderer sandbox
[0928/122609:ERROR:renderer_main.cc(226)] Running without renderer sandbox
[0928/122714:ERROR:renderer_main.cc(226)] Running without renderer sandbox
[0928/122714:ERROR:renderer_main.cc(226)] Running without renderer sandbox
[0928/122805:ERROR:renderer_main.cc(226)] Running without renderer sandbox
[0928/122805:ERROR:renderer_main.cc(226)] Running without renderer sandbox
[0928/124127:ERROR:renderer_main.cc(226)] Running without renderer sandbox
[0928/124140:ERROR:renderer_main.cc(226)] Running without renderer sandbox
[0928/124145:ERROR:ipc_channel_win.cc(405)] pipe error: 232
[0928/124145:ERROR:renderer_main.cc(226)] Running without renderer sandbox
[0928/124145:ERROR:renderer_main.cc(226)] Running without renderer sandbox
[0928/124306:ERROR:renderer_main.cc(226)] Running without renderer sandbox
[0928/124356:ERROR:renderer_main.cc(226)] Running without renderer sandbox
[0928/125243:ERROR:renderer_main.cc(226)] Running without renderer sandbox
[0928/125243:ERROR:renderer_main.cc(226)] Running without renderer sandbox
[0928/125625:ERROR:renderer_main.cc(226)] Running without renderer sandbox
[0928/125625:ERROR:renderer_main.cc(226)] Running without renderer sandbox
[0928/125704:ERROR:renderer_main.cc(226)] Running without renderer sandbox
[0928/125704:ERROR:renderer_main.cc(226)] Running without renderer sandbox
[0928/125807:ERROR:renderer_main.cc(226)] Running without renderer sandbox
[0928/125835:ERROR:renderer_main.cc(226)] Running without renderer sandbox
[0928/125835:ERROR:renderer_main.cc(226)] Running without renderer sandbox
[0928/130038:ERROR:renderer_main.cc(226)] Running without renderer sandbox
[0928/130038:ERROR:renderer_main.cc(226)] Running without renderer sandbox
[0928/130103:ERROR:renderer_main.cc(226)] Running without renderer sandbox
[0928/130103:ERROR:renderer_main.cc(226)] Running without renderer sandbox
[0928/131722:ERROR:renderer_main.cc(226)] Running without renderer sandbox
[0928/131739:ERROR:renderer_main.cc(226)] Running without renderer sandbox
[0928/131739:ERROR:renderer_main.cc(226)] Running without renderer sandbox
[0928/131833:ERROR:renderer_main.cc(226)] Running without renderer sandbox
[0928/131833:ERROR:renderer_main.cc(226)] Running without renderer sandbox
[0928/133604:ERROR:renderer_main.cc(226)] Running without renderer sandbox
[0928/134618:ERROR:renderer_main.cc(226)] Running without renderer sandbox
[0928/134632:ERROR:renderer_main.cc(226)] Running without renderer sandbox
[0928/135211:ERROR:renderer_main.cc(226)] Running without renderer sandbox
[0928/135234:ERROR:renderer_main.cc(226)] Running without renderer sandbox
[0928/135321:ERROR:renderer_main.cc(226)] Running without renderer sandbox
[0928/135416:ERROR:renderer_main.cc(226)] Running without renderer sandbox
[0928/135427:ERROR:renderer_main.cc(226)] Running without renderer sandbox
[0928/141307:ERROR:renderer_main.cc(226)] Running without renderer sandbox
[0928/141307:ERROR:renderer_main.cc(226)] Running without renderer sandbox
[0928/141903:ERROR:renderer_main.cc(226)] Running without renderer sandbox
[0928/141903:ERROR:renderer_main.cc(226)] Running without renderer sandbox
[0928/141907:ERROR:renderer_main.cc(226)] Running without renderer sandbox
[0928/141925:ERROR:renderer_main.cc(226)] Running without renderer sandbox
[0928/142033:ERROR:renderer_main.cc(226)] Running without renderer sandbox
[0928/142521:ERROR:renderer_main.cc(226)] Running without renderer sandbox
[0928/142521:ERROR:renderer_main.cc(226)] Running without renderer sandbox
[0928/143528:ERROR:renderer_main.cc(226)] Running without renderer sandbox
[0928/143528:ERROR:renderer_main.cc(226)] Running without renderer sandbox
[0928/143846:ERROR:renderer_main.cc(226)] Running without renderer sandbox
[0928/143846:ERROR:renderer_main.cc(226)] Running without renderer sandbox
[0928/144300:ERROR:renderer_main.cc(226)] Running without renderer sandbox
[0928/144300:ERROR:renderer_main.cc(226)] Running without renderer sandbox
[0928/145626:ERROR:renderer_main.cc(226)] Running without renderer sandbox
[0928/145639:ERROR:renderer_main.cc(226)] Running without renderer sandbox
[0928/145931:ERROR:renderer_main.cc(226)] Running without renderer sandbox
[0928/145931:ERROR:renderer_main.cc(226)] Running without renderer sandbox
[0928/150134:ERROR:renderer_main.cc(226)] Running without renderer sandbox
[0928/150134:ERROR:renderer_main.cc(226)] Running without renderer sandbox
[0928/151554:ERROR:renderer_main.cc(226)] Running without renderer sandbox
[0928/153439:ERROR:renderer_main.cc(226)] Running without renderer sandbox
[0928/153453:ERROR:renderer_main.cc(226)] Running without renderer sandbox
[0928/153849:ERROR:renderer_main.cc(226)] Running without renderer sandbox
[0928/154045:ERROR:renderer_main.cc(226)] Running without renderer sandbox
[0928/154045:ERROR:renderer_main.cc(226)] Running without renderer sandbox
[0928/154149:ERROR:renderer_main.cc(226)] Running without renderer sandbox
[0928/154149:ERROR:renderer_main.cc(226)] Running without renderer sandbox
[0928/154718:ERROR:renderer_main.cc(226)] Running without renderer sandbox
[0928/154718:ERROR:renderer_main.cc(226)] Running without renderer sandbox
[0928/154728:ERROR:renderer_main.cc(226)] Running without renderer sandbox
[0928/154728:ERROR:renderer_main.cc(226)] Running without renderer sandbox
[0928/160233:ERROR:renderer_main.cc(226)] Running without renderer sandbox
[0928/160520:ERROR:renderer_main.cc(226)] Running without renderer sandbox
[0928/160520:ERROR:renderer_main.cc(226)] Running without renderer sandbox
[0928/161459:ERROR:renderer_main.cc(226)] Running without renderer sandbox
[0928/161459:ERROR:renderer_main.cc(226)] Running without renderer sandbox
[0928/161508:ERROR:renderer_main.cc(226)] Running without renderer sandbox
[0928/161508:ERROR:renderer_main.cc(226)] Running without renderer sandbox
[0928/161550:ERROR:renderer_main.cc(226)] Running without renderer sandbox
[0928/161624:ERROR:renderer_main.cc(226)] Running without renderer sandbox
[0928/161709:ERROR:renderer_main.cc(226)] Running without renderer sandbox
[0928/161709:ERROR:renderer_main.cc(226)] Running without renderer sandbox
[0928/161728:ERROR:ipc_channel_win.cc(405)] pipe error: 232
[0928/161728:ERROR:renderer_main.cc(226)] Running without renderer sandbox
[0928/161728:ERROR:renderer_main.cc(226)] Running without renderer sandbox
[0928/162103:ERROR:renderer_main.cc(226)] Running without renderer sandbox
[0928/162103:ERROR:renderer_main.cc(226)] Running without renderer sandbox
[0928/163419:ERROR:renderer_main.cc(226)] Running without renderer sandbox
[0928/163419:ERROR:renderer_main.cc(226)] Running without renderer sandbox
[0928/163426:ERROR:renderer_main.cc(226)] Running without renderer sandbox
[0928/163426:ERROR:renderer_main.cc(226)] Running without renderer sandbox
[0928/163453:ERROR:renderer_main.cc(226)] Running without renderer sandbox
[0928/163453:ERROR:renderer_main.cc(226)] Running without renderer sandbox
[0928/163456:ERROR:renderer_main.cc(226)] Running without renderer sandbox
[0928/163456:ERROR:renderer_main.cc(226)] Running without renderer sandbox
[0928/163719:ERROR:renderer_main.cc(226)] Running without renderer sandbox
[0928/163719:ERROR:renderer_main.cc(226)] Running without renderer sandbox
[0928/163724:ERROR:renderer_main.cc(226)] Running without renderer sandbox
[0928/163747:ERROR:renderer_main.cc(226)] Running without renderer sandbox
[0928/163747:ERROR:renderer_main.cc(226)] Running without renderer sandbox
[0928/163843:ERROR:renderer_main.cc(226)] Running without renderer sandbox
[0928/163843:ERROR:renderer_main.cc(226)] Running without renderer sandbox
[0928/163903:ERROR:renderer_main.cc(226)] Running without renderer sandbox
[0928/163903:ERROR:renderer_main.cc(226)] Running without renderer sandbox
[0928/163906:ERROR:renderer_main.cc(226)] Running without renderer sandbox
[0928/163906:ERROR:renderer_main.cc(226)] Running without renderer sandbox
[0928/164009:ERROR:renderer_main.cc(226)] Running without renderer sandbox
[0928/164009:ERROR:renderer_main.cc(226)] Running without renderer sandbox
[0928/164025:ERROR:renderer_main.cc(226)] Running without renderer sandbox
[0928/164025:ERROR:renderer_main.cc(226)] Running without renderer sandbox
[0928/164051:ERROR:renderer_main.cc(226)] Running without renderer sandbox
[0928/164113:ERROR:renderer_main.cc(226)] Running without renderer sandbox
[0928/164113:ERROR:renderer_main.cc(226)] Running without renderer sandbox
[0928/164224:ERROR:renderer_main.cc(226)] Running without renderer sandbox
[0928/164224:ERROR:renderer_main.cc(226)] Running without renderer sandbox
[0928/164251:ERROR:renderer_main.cc(226)] Running without renderer sandbox
[0928/164251:ERROR:renderer_main.cc(226)] Running without renderer sandbox
[0928/164522:ERROR:renderer_main.cc(226)] Running without renderer sandbox
[0928/164522:ERROR:renderer_main.cc(226)] Running without renderer sandbox
[0928/164609:ERROR:renderer_main.cc(226)] Running without renderer sandbox
[0928/164609:ERROR:renderer_main.cc(226)] Running without renderer sandbox
[0928/164843:ERROR:renderer_main.cc(226)] Running without renderer sandbox
[0928/164843:ERROR:renderer_main.cc(226)] Running without renderer sandbox
[0928/164923:ERROR:renderer_main.cc(226)] Running without renderer sandbox
[0928/164923:ERROR:renderer_main.cc(226)] Running without renderer sandbox
[0928/164933:ERROR:renderer_main.cc(226)] Running without renderer sandbox
[0928/164933:ERROR:renderer_main.cc(226)] Running without renderer sandbox
[0928/165129:ERROR:renderer_main.cc(226)] Running without renderer sandbox
[0928/165129:ERROR:renderer_main.cc(226)] Running without renderer sandbox
[0928/165944:ERROR:renderer_main.cc(226)] Running without renderer sandbox
[0928/170147:ERROR:renderer_main.cc(226)] Running without renderer sandbox
[0928/170223:ERROR:renderer_main.cc(226)] Running without renderer sandbox
[0928/170223:ERROR:renderer_main.cc(226)] Running without renderer sandbox
[0928/170348:ERROR:renderer_main.cc(226)] Running without renderer sandbox
[0928/170418:ERROR:renderer_main.cc(226)] Running without renderer sandbox
[0928/170538:ERROR:renderer_main.cc(226)] Running without renderer sandbox
[0928/170622:ERROR:renderer_main.cc(226)] Running without renderer sandbox
[0928/170752:ERROR:renderer_main.cc(226)] Running without renderer sandbox
[0928/170849:ERROR:renderer_main.cc(226)] Running without renderer sandbox
[0928/170849:ERROR:renderer_main.cc(226)] Running without renderer sandbox
[0928/171003:ERROR:renderer_main.cc(226)] Running without renderer sandbox
[0928/171003:ERROR:renderer_main.cc(226)] Running without renderer sandbox
[0928/171221:ERROR:renderer_main.cc(226)] Running without renderer sandbox
[0928/171221:ERROR:renderer_main.cc(226)] Running without renderer sandbox
[0928/171222:ERROR:renderer_main.cc(226)] Running without renderer sandbox
[0928/171222:ERROR:renderer_main.cc(226)] Running without renderer sandbox
[0928/171251:ERROR:renderer_main.cc(226)] Running without renderer sandbox
[0928/171251:ERROR:renderer_main.cc(226)] Running without renderer sandbox
[0928/173405:ERROR:renderer_main.cc(226)] Running without renderer sandbox
[0928/173405:ERROR:renderer_main.cc(226)] Running without renderer sandbox
[0928/173559:ERROR:renderer_main.cc(226)] Running without renderer sandbox
[0928/173559:ERROR:renderer_main.cc(226)] Running without renderer sandbox
[0928/173739:ERROR:renderer_main.cc(226)] Running without renderer sandbox
[0928/173804:ERROR:renderer_main.cc(226)] Running without renderer sandbox
[0928/174050:ERROR:renderer_main.cc(226)] Running without renderer sandbox
[0928/174538:ERROR:renderer_main.cc(226)] Running without renderer sandbox
[0928/175037:ERROR:renderer_main.cc(226)] Running without renderer sandbox
[0928/180444:ERROR:renderer_main.cc(226)] Running without renderer sandbox
[0928/180447:ERROR:renderer_main.cc(226)] Running without renderer sandbox
[0928/204240:ERROR:renderer_main.cc(226)] Running without renderer sandbox
[0928/204251:ERROR:renderer_main.cc(226)] Running without renderer sandbox
[0928/210007:ERROR:renderer_main.cc(226)] Running without renderer sandbox
[0928/210012:ERROR:renderer_main.cc(226)] Running without renderer sandbox
[0928/223840:ERROR:renderer_main.cc(226)] Running without renderer sandbox
[0928/223845:ERROR:renderer_main.cc(226)] Running without renderer sandbox
[0928/225004:ERROR:renderer_main.cc(226)] Running without renderer sandbox
[0928/225007:ERROR:renderer_main.cc(226)] Running without renderer sandbox
[0928/225021:ERROR:renderer_main.cc(226)] Running without renderer sandbox
[0928/225021:ERROR:renderer_main.cc(226)] Running without renderer sandbox
[0928/230148:ERROR:renderer_main.cc(226)] Running without renderer sandbox
[0928/230148:ERROR:renderer_main.cc(226)] Running without renderer sandbox
[0928/230157:ERROR:renderer_main.cc(226)] Running without renderer sandbox
[0928/230157:ERROR:renderer_main.cc(226)] Running without renderer sandbox
[0928/230158:ERROR:renderer_main.cc(226)] Running without renderer sandbox
[0928/230158:ERROR:renderer_main.cc(226)] Running without renderer sandbox
[0928/230509:ERROR:renderer_main.cc(226)] Running without renderer sandbox
[0928/230509:ERROR:renderer_main.cc(226)] Running without renderer sandbox
[0928/230714:ERROR:renderer_main.cc(226)] Running without renderer sandbox
[0928/230714:ERROR:renderer_main.cc(226)] Running without renderer sandbox
[0928/231003:ERROR:renderer_main.cc(226)] Running without renderer sandbox
[0928/231003:ERROR:renderer_main.cc(226)] Running without renderer sandbox
[0928/231008:ERROR:renderer_main.cc(226)] Running without renderer sandbox
[0928/231010:ERROR:renderer_main.cc(226)] Running without renderer sandbox
[0928/231010:ERROR:renderer_main.cc(226)] Running without renderer sandbox
[0928/231331:ERROR:renderer_main.cc(226)] Running without renderer sandbox
[0928/231331:ERROR:renderer_main.cc(226)] Running without renderer sandbox
[0928/232533:ERROR:ipc_channel_win.cc(405)] pipe error: 232
[0928/232533:ERROR:renderer_main.cc(226)] Running without renderer sandbox
[0928/232533:ERROR:renderer_main.cc(226)] Running without renderer sandbox
[0928/232617:ERROR:renderer_main.cc(226)] Running without renderer sandbox
[0928/234553:ERROR:renderer_main.cc(226)] Running without renderer sandbox
[0928/234553:ERROR:renderer_main.cc(226)] Running without renderer sandbox
[0928/234619:ERROR:renderer_main.cc(226)] Running without renderer sandbox
[0928/234619:ERROR:renderer_main.cc(226)] Running without renderer sandbox
[0929/002329:ERROR:renderer_main.cc(226)] Running without renderer sandbox
[0929/002330:ERROR:renderer_main.cc(226)] Running without renderer sandbox
[0929/002914:ERROR:renderer_main.cc(226)] Running without renderer sandbox
[0929/002959:ERROR:renderer_main.cc(226)] Running without renderer sandbox
[0929/005034:ERROR:renderer_main.cc(226)] Running without renderer sandbox
[0929/005044:ERROR:renderer_main.cc(226)] Running without renderer sandbox
[0929/005522:ERROR:renderer_main.cc(226)] Running without renderer sandbox
[0929/005522:ERROR:renderer_main.cc(226)] Running without renderer sandbox
[0929/005531:ERROR:renderer_main.cc(226)] Running without renderer sandbox
[0929/005531:ERROR:renderer_main.cc(226)] Running without renderer sandbox
[0929/005546:ERROR:renderer_main.cc(226)] Running without renderer sandbox
[0929/005602:ERROR:renderer_main.cc(226)] Running without renderer sandbox
[0929/005602:ERROR:renderer_main.cc(226)] Running without renderer sandbox
[0929/005612:ERROR:renderer_main.cc(226)] Running without renderer sandbox
[0929/005612:ERROR:renderer_main.cc(226)] Running without renderer sandbox
[0929/005729:ERROR:renderer_main.cc(226)] Running without renderer sandbox
[0929/005729:ERROR:renderer_main.cc(226)] Running without renderer sandbox
[0929/005747:ERROR:renderer_main.cc(226)] Running without renderer sandbox
[0929/005747:ERROR:renderer_main.cc(226)] Running without renderer sandbox
[0929/005807:ERROR:renderer_main.cc(226)] Running without renderer sandbox
[0929/010040:ERROR:renderer_main.cc(226)] Running without renderer sandbox
[0929/010040:ERROR:renderer_main.cc(226)] Running without renderer sandbox
[0929/010041:ERROR:ipc_channel_win.cc(405)] pipe error: 232
[0929/010057:ERROR:renderer_main.cc(226)] Running without renderer sandbox
[0929/010057:ERROR:renderer_main.cc(226)] Running without renderer sandbox
[0929/010057:ERROR:renderer_main.cc(226)] Running without renderer sandbox
[0929/010059:ERROR:ipc_channel_win.cc(405)] pipe error: 232
[0929/010153:ERROR:ipc_channel_win.cc(405)] pipe error: 232
[0929/010317:ERROR:renderer_main.cc(226)] Running without renderer sandbox
[0929/010324:ERROR:renderer_main.cc(226)] Running without renderer sandbox
[0929/010423:ERROR:renderer_main.cc(226)] Running without renderer sandbox
[0929/010425:ERROR:renderer_main.cc(226)] Running without renderer sandbox
[0929/010614:ERROR:renderer_main.cc(226)] Running without renderer sandbox
[0929/010615:ERROR:renderer_main.cc(226)] Running without renderer sandbox
[0929/010714:ERROR:renderer_main.cc(226)] Running without renderer sandbox
[0929/010715:ERROR:renderer_main.cc(226)] Running without renderer sandbox
[0929/010941:ERROR:renderer_main.cc(226)] Running without renderer sandbox
[0929/010942:ERROR:renderer_main.cc(226)] Running without renderer sandbox
[0929/011000:ERROR:renderer_main.cc(226)] Running without renderer sandbox
[0929/011001:ERROR:renderer_main.cc(226)] Running without renderer sandbox
[0929/011041:ERROR:renderer_main.cc(226)] Running without renderer sandbox
[0929/011041:ERROR:renderer_main.cc(226)] Running without renderer sandbox
[0929/011101:ERROR:renderer_main.cc(226)] Running without renderer sandbox
[0929/011101:ERROR:renderer_main.cc(226)] Running without renderer sandbox
[0929/011135:ERROR:renderer_main.cc(226)] Running without renderer sandbox
[0929/011135:ERROR:renderer_main.cc(226)] Running without renderer sandbox
[0929/011231:ERROR:renderer_main.cc(226)] Running without renderer sandbox
[0929/011231:ERROR:renderer_main.cc(226)] Running without renderer sandbox
[0929/011256:ERROR:renderer_main.cc(226)] Running without renderer sandbox
[0929/011256:ERROR:renderer_main.cc(226)] Running without renderer sandbox
[0929/011301:ERROR:renderer_main.cc(226)] Running without renderer sandbox
[0929/011301:ERROR:renderer_main.cc(226)] Running without renderer sandbox
[0929/011351:ERROR:renderer_main.cc(226)] Running without renderer sandbox
[0929/011351:ERROR:renderer_main.cc(226)] Running without renderer sandbox
[0929/011406:ERROR:renderer_main.cc(226)] Running without renderer sandbox
[0929/011417:ERROR:renderer_main.cc(226)] Running without renderer sandbox
[0929/011459:ERROR:renderer_main.cc(226)] Running without renderer sandbox
[0929/011506:ERROR:renderer_main.cc(226)] Running without renderer sandbox
[0929/011538:ERROR:renderer_main.cc(226)] Running without renderer sandbox
[0929/011538:ERROR:renderer_main.cc(226)] Running without renderer sandbox
[0929/012252:ERROR:renderer_main.cc(226)] Running without renderer sandbox
[0929/012252:ERROR:renderer_main.cc(226)] Running without renderer sandbox
[0929/012450:ERROR:renderer_main.cc(226)] Running without renderer sandbox
[0929/100112:ERROR:renderer_main.cc(226)] Running without renderer sandbox
[0929/100116:ERROR:renderer_main.cc(226)] Running without renderer sandbox
[0929/100341:ERROR:renderer_main.cc(226)] Running without renderer sandbox
[0929/100436:ERROR:renderer_main.cc(226)] Running without renderer sandbox
[0929/100613:ERROR:renderer_main.cc(226)] Running without renderer sandbox
[0929/100618:ERROR:renderer_main.cc(226)] Running without renderer sandbox
[0929/100749:ERROR:renderer_main.cc(226)] Running without renderer sandbox
[0929/100749:ERROR:renderer_main.cc(226)] Running without renderer sandbox
[0929/101449:ERROR:tcp_listen_socket.cc(69)] Could not bind socket to 127.0.0.1:20480
[0929/101450:ERROR:renderer_main.cc(226)] Running without renderer sandbox
[0929/101453:ERROR:renderer_main.cc(226)] Running without renderer sandbox
[0929/101639:ERROR:renderer_main.cc(226)] Running without renderer sandbox
[0929/101639:ERROR:renderer_main.cc(226)] Running without renderer sandbox
[0929/101953:ERROR:renderer_main.cc(226)] Running without renderer sandbox
[0929/101953:ERROR:renderer_main.cc(226)] Running without renderer sandbox
[0929/102042:ERROR:renderer_main.cc(226)] Running without renderer sandbox
[0929/102042:ERROR:renderer_main.cc(226)] Running without renderer sandbox
[0929/102309:ERROR:renderer_main.cc(226)] Running without renderer sandbox
[0929/102309:ERROR:renderer_main.cc(226)] Running without renderer sandbox
[0929/102422:ERROR:renderer_main.cc(226)] Running without renderer sandbox
[0929/102422:ERROR:renderer_main.cc(226)] Running without renderer sandbox
[0929/102505:ERROR:renderer_main.cc(226)] Running without renderer sandbox
[0929/102505:ERROR:renderer_main.cc(226)] Running without renderer sandbox
[0929/103254:ERROR:renderer_main.cc(226)] Running without renderer sandbox
[0929/103254:ERROR:renderer_main.cc(226)] Running without renderer sandbox
[0929/103257:ERROR:renderer_main.cc(226)] Running without renderer sandbox
[0929/103257:ERROR:renderer_main.cc(226)] Running without renderer sandbox
[0929/103514:ERROR:renderer_main.cc(226)] Running without renderer sandbox
[0929/103514:ERROR:renderer_main.cc(226)] Running without renderer sandbox
[0929/103854:ERROR:renderer_main.cc(226)] Running without renderer sandbox
[0929/103854:ERROR:renderer_main.cc(226)] Running without renderer sandbox
[0929/104219:ERROR:renderer_main.cc(226)] Running without renderer sandbox
[0929/104219:ERROR:renderer_main.cc(226)] Running without renderer sandbox
[0929/104221:ERROR:renderer_main.cc(226)] Running without renderer sandbox
[0929/104221:ERROR:renderer_main.cc(226)] Running without renderer sandbox
[0929/104336:ERROR:renderer_main.cc(226)] Running without renderer sandbox
[0929/104336:ERROR:renderer_main.cc(226)] Running without renderer sandbox
[0929/104500:ERROR:renderer_main.cc(226)] Running without renderer sandbox
[0929/104500:ERROR:renderer_main.cc(226)] Running without renderer sandbox
[0929/104626:ERROR:renderer_main.cc(226)] Running without renderer sandbox
[0929/104626:ERROR:renderer_main.cc(226)] Running without renderer sandbox
[0929/104711:ERROR:renderer_main.cc(226)] Running without renderer sandbox
[0929/104711:ERROR:renderer_main.cc(226)] Running without renderer sandbox
[0929/105812:ERROR:renderer_main.cc(226)] Running without renderer sandbox
[0929/105815:ERROR:renderer_main.cc(226)] Running without renderer sandbox
[0929/110017:ERROR:renderer_main.cc(226)] Running without renderer sandbox
[0929/110039:ERROR:ipc_channel_win.cc(405)] pipe error: 232
[0929/110039:ERROR:renderer_main.cc(226)] Running without renderer sandbox
[0929/110039:ERROR:renderer_main.cc(226)] Running without renderer sandbox
[0929/110230:ERROR:renderer_main.cc(226)] Running without renderer sandbox
[0929/110230:ERROR:renderer_main.cc(226)] Running without renderer sandbox
[0929/110423:ERROR:renderer_main.cc(226)] Running without renderer sandbox
[0929/110424:ERROR:renderer_main.cc(226)] Running without renderer sandbox
[0929/110607:ERROR:renderer_main.cc(226)] Running without renderer sandbox
[0929/110607:ERROR:renderer_main.cc(226)] Running without renderer sandbox
[0929/110649:ERROR:renderer_main.cc(226)] Running without renderer sandbox
[0929/111001:ERROR:renderer_main.cc(226)] Running without renderer sandbox
[0929/111001:ERROR:renderer_main.cc(226)] Running without renderer sandbox
[0929/111231:ERROR:renderer_main.cc(226)] Running without renderer sandbox
[0929/111231:ERROR:renderer_main.cc(226)] Running without renderer sandbox
[0929/111317:ERROR:renderer_main.cc(226)] Running without renderer sandbox
[0929/111317:ERROR:renderer_main.cc(226)] Running without renderer sandbox
[0929/111806:ERROR:renderer_main.cc(226)] Running without renderer sandbox
[0929/111806:ERROR:renderer_main.cc(226)] Running without renderer sandbox
[0929/111842:ERROR:renderer_main.cc(226)] Running without renderer sandbox
[0929/111842:ERROR:renderer_main.cc(226)] Running without renderer sandbox
[0929/112011:ERROR:renderer_main.cc(226)] Running without renderer sandbox
[0929/112011:ERROR:renderer_main.cc(226)] Running without renderer sandbox
[0929/112020:ERROR:renderer_main.cc(226)] Running without renderer sandbox
[0929/112020:ERROR:renderer_main.cc(226)] Running without renderer sandbox
[0929/112034:ERROR:renderer_main.cc(226)] Running without renderer sandbox
[0929/112034:ERROR:renderer_main.cc(226)] Running without renderer sandbox
[0929/112041:ERROR:renderer_main.cc(226)] Running without renderer sandbox
[0929/112041:ERROR:renderer_main.cc(226)] Running without renderer sandbox
[0929/112054:ERROR:renderer_main.cc(226)] Running without renderer sandbox
[0929/112054:ERROR:renderer_main.cc(226)] Running without renderer sandbox
[0929/112101:ERROR:renderer_main.cc(226)] Running without renderer sandbox
[0929/112101:ERROR:renderer_main.cc(226)] Running without renderer sandbox
[0929/112147:ERROR:renderer_main.cc(226)] Running without renderer sandbox
[0929/112147:ERROR:renderer_main.cc(226)] Running without renderer sandbox
[0929/112158:ERROR:renderer_main.cc(226)] Running without renderer sandbox
[0929/112158:ERROR:renderer_main.cc(226)] Running without renderer sandbox
[0929/112216:ERROR:renderer_main.cc(226)] Running without renderer sandbox
[0929/112216:ERROR:renderer_main.cc(226)] Running without renderer sandbox
[0929/112248:ERROR:renderer_main.cc(226)] Running without renderer sandbox
[0929/112248:ERROR:renderer_main.cc(226)] Running without renderer sandbox
[0929/112306:ERROR:renderer_main.cc(226)] Running without renderer sandbox
[0929/112342:ERROR:renderer_main.cc(226)] Running without renderer sandbox
[0929/112342:ERROR:renderer_main.cc(226)] Running without renderer sandbox
[0929/112353:ERROR:renderer_main.cc(226)] Running without renderer sandbox
[0929/112409:ERROR:renderer_main.cc(226)] Running without renderer sandbox
[0929/112423:ERROR:renderer_main.cc(226)] Running without renderer sandbox
[0929/112423:ERROR:renderer_main.cc(226)] Running without renderer sandbox
[0929/112440:ERROR:renderer_main.cc(226)] Running without renderer sandbox
[0929/112440:ERROR:renderer_main.cc(226)] Running without renderer sandbox
[0929/112453:ERROR:renderer_main.cc(226)] Running without renderer sandbox
[0929/112532:ERROR:renderer_main.cc(226)] Running without renderer sandbox
[0929/112552:ERROR:CONSOLE(1211)] "Uncaught Error: Attempt to remove element containing view via regular DOM operation", source: chrome-devtools://devtools/inspector.js (1211)
[0929/112620:ERROR:renderer_main.cc(226)] Running without renderer sandbox
[0929/112620:ERROR:renderer_main.cc(226)] Running without renderer sandbox
[0929/112723:ERROR:renderer_main.cc(226)] Running without renderer sandbox
[0929/112723:ERROR:renderer_main.cc(226)] Running without renderer sandbox
[0929/112746:ERROR:renderer_main.cc(226)] Running without renderer sandbox
[0929/112746:ERROR:renderer_main.cc(226)] Running without renderer sandbox
[0929/112752:ERROR:renderer_main.cc(226)] Running without renderer sandbox
[0929/112752:ERROR:renderer_main.cc(226)] Running without renderer sandbox
[0929/112758:ERROR:renderer_main.cc(226)] Running without renderer sandbox
[0929/112758:ERROR:renderer_main.cc(226)] Running without renderer sandbox
[0929/112809:ERROR:renderer_main.cc(226)] Running without renderer sandbox
[0929/112809:ERROR:renderer_main.cc(226)] Running without renderer sandbox
[0929/112911:ERROR:renderer_main.cc(226)] Running without renderer sandbox
[0929/112911:ERROR:renderer_main.cc(226)] Running without renderer sandbox
[0929/112917:ERROR:renderer_main.cc(226)] Running without renderer sandbox
[0929/112917:ERROR:renderer_main.cc(226)] Running without renderer sandbox
[0929/112937:ERROR:renderer_main.cc(226)] Running without renderer sandbox
[0929/112937:ERROR:renderer_main.cc(226)] Running without renderer sandbox
[0929/113207:ERROR:renderer_main.cc(226)] Running without renderer sandbox
[0929/113207:ERROR:renderer_main.cc(226)] Running without renderer sandbox
[0929/113240:ERROR:renderer_main.cc(226)] Running without renderer sandbox
[0929/113302:ERROR:renderer_main.cc(226)] Running without renderer sandbox
[0929/113302:ERROR:renderer_main.cc(226)] Running without renderer sandbox
[0929/113544:ERROR:renderer_main.cc(226)] Running without renderer sandbox
[0929/113544:ERROR:renderer_main.cc(226)] Running without renderer sandbox
[0929/113608:ERROR:renderer_main.cc(226)] Running without renderer sandbox
[0929/113608:ERROR:renderer_main.cc(226)] Running without renderer sandbox
[0929/113859:ERROR:renderer_main.cc(226)] Running without renderer sandbox
[0929/113859:ERROR:renderer_main.cc(226)] Running without renderer sandbox
[0929/114113:ERROR:renderer_main.cc(226)] Running without renderer sandbox
[0929/114227:ERROR:renderer_main.cc(226)] Running without renderer sandbox
[0929/114227:ERROR:renderer_main.cc(226)] Running without renderer sandbox
[0929/114242:ERROR:renderer_main.cc(226)] Running without renderer sandbox
[0929/114242:ERROR:renderer_main.cc(226)] Running without renderer sandbox
[0929/114333:ERROR:renderer_main.cc(226)] Running without renderer sandbox
[0929/114333:ERROR:renderer_main.cc(226)] Running without renderer sandbox
[0929/114520:ERROR:renderer_main.cc(226)] Running without renderer sandbox
[0929/114520:ERROR:renderer_main.cc(226)] Running without renderer sandbox
[0929/114542:ERROR:renderer_main.cc(226)] Running without renderer sandbox
[0929/114542:ERROR:renderer_main.cc(226)] Running without renderer sandbox
[0929/114952:ERROR:renderer_main.cc(226)] Running without renderer sandbox
[0929/114952:ERROR:renderer_main.cc(226)] Running without renderer sandbox
[0929/115009:ERROR:renderer_main.cc(226)] Running without renderer sandbox
[0929/115009:ERROR:renderer_main.cc(226)] Running without renderer sandbox
[0929/115104:ERROR:renderer_main.cc(226)] Running without renderer sandbox
[0929/115105:ERROR:renderer_main.cc(226)] Running without renderer sandbox
[0929/115143:ERROR:renderer_main.cc(226)] Running without renderer sandbox
[0929/115143:ERROR:renderer_main.cc(226)] Running without renderer sandbox
[0929/115246:ERROR:renderer_main.cc(226)] Running without renderer sandbox
[0929/115246:ERROR:renderer_main.cc(226)] Running without renderer sandbox
[0929/115355:ERROR:renderer_main.cc(226)] Running without renderer sandbox
[0929/115355:ERROR:renderer_main.cc(226)] Running without renderer sandbox
[0929/115504:ERROR:renderer_main.cc(226)] Running without renderer sandbox
[0929/115504:ERROR:renderer_main.cc(226)] Running without renderer sandbox
[0929/115525:ERROR:renderer_main.cc(226)] Running without renderer sandbox
[0929/115525:ERROR:renderer_main.cc(226)] Running without renderer sandbox
[0929/115559:ERROR:renderer_main.cc(226)] Running without renderer sandbox
[0929/115559:ERROR:renderer_main.cc(226)] Running without renderer sandbox
[0929/115608:ERROR:renderer_main.cc(226)] Running without renderer sandbox
[0929/115608:ERROR:renderer_main.cc(226)] Running without renderer sandbox
[0929/115620:ERROR:ipc_channel_win.cc(405)] pipe error: 232
[0929/115620:ERROR:renderer_main.cc(226)] Running without renderer sandbox
[0929/115620:ERROR:renderer_main.cc(226)] Running without renderer sandbox
[0929/115632:ERROR:renderer_main.cc(226)] Running without renderer sandbox
[0929/115632:ERROR:renderer_main.cc(226)] Running without renderer sandbox
[0929/120144:ERROR:renderer_main.cc(226)] Running without renderer sandbox
[0929/120338:ERROR:renderer_main.cc(226)] Running without renderer sandbox
[0929/120338:ERROR:renderer_main.cc(226)] Running without renderer sandbox
[0929/120407:ERROR:renderer_main.cc(226)] Running without renderer sandbox
[0929/120407:ERROR:renderer_main.cc(226)] Running without renderer sandbox
[0929/120748:ERROR:renderer_main.cc(226)] Running without renderer sandbox
[0929/120748:ERROR:renderer_main.cc(226)] Running without renderer sandbox
[0929/120917:ERROR:renderer_main.cc(226)] Running without renderer sandbox
[0929/120917:ERROR:renderer_main.cc(226)] Running without renderer sandbox
[0929/121057:ERROR:renderer_main.cc(226)] Running without renderer sandbox
[0929/121057:ERROR:renderer_main.cc(226)] Running without renderer sandbox
[0929/121120:ERROR:renderer_main.cc(226)] Running without renderer sandbox
[0929/121231:ERROR:renderer_main.cc(226)] Running without renderer sandbox
[0929/121231:ERROR:renderer_main.cc(226)] Running without renderer sandbox
[0929/121256:ERROR:renderer_main.cc(226)] Running without renderer sandbox
[0929/121256:ERROR:renderer_main.cc(226)] Running without renderer sandbox
[0929/121358:ERROR:renderer_main.cc(226)] Running without renderer sandbox
[0929/121358:ERROR:renderer_main.cc(226)] Running without renderer sandbox
[0929/121409:ERROR:renderer_main.cc(226)] Running without renderer sandbox
[0929/121409:ERROR:renderer_main.cc(226)] Running without renderer sandbox
[0929/121437:ERROR:renderer_main.cc(226)] Running without renderer sandbox
[0929/121437:ERROR:renderer_main.cc(226)] Running without renderer sandbox
[0929/121540:ERROR:renderer_main.cc(226)] Running without renderer sandbox
[0929/121540:ERROR:renderer_main.cc(226)] Running without renderer sandbox
[0929/121549:ERROR:renderer_main.cc(226)] Running without renderer sandbox
[0929/121549:ERROR:renderer_main.cc(226)] Running without renderer sandbox
[0929/121606:ERROR:renderer_main.cc(226)] Running without renderer sandbox
[0929/121614:ERROR:ipc_channel_win.cc(405)] pipe error: 232
[0929/121614:ERROR:renderer_main.cc(226)] Running without renderer sandbox
[0929/121614:ERROR:renderer_main.cc(226)] Running without renderer sandbox
[0929/121629:ERROR:renderer_main.cc(226)] Running without renderer sandbox
[0929/121629:ERROR:renderer_main.cc(226)] Running without renderer sandbox
[0929/121644:ERROR:renderer_main.cc(226)] Running without renderer sandbox
[0929/121644:ERROR:renderer_main.cc(226)] Running without renderer sandbox
[0929/121708:ERROR:renderer_main.cc(226)] Running without renderer sandbox
[0929/121708:ERROR:renderer_main.cc(226)] Running without renderer sandbox
[0929/121726:ERROR:renderer_main.cc(226)] Running without renderer sandbox
[0929/121726:ERROR:renderer_main.cc(226)] Running without renderer sandbox
[0929/121845:ERROR:ipc_channel_win.cc(405)] pipe error: 232
[0929/121845:ERROR:renderer_main.cc(226)] Running without renderer sandbox
[0929/121845:ERROR:renderer_main.cc(226)] Running without renderer sandbox
[0929/121959:ERROR:renderer_main.cc(226)] Running without renderer sandbox
[0929/121959:ERROR:renderer_main.cc(226)] Running without renderer sandbox
[0929/122016:ERROR:renderer_main.cc(226)] Running without renderer sandbox
[0929/122016:ERROR:renderer_main.cc(226)] Running without renderer sandbox
[0929/122046:ERROR:renderer_main.cc(226)] Running without renderer sandbox
[0929/122046:ERROR:renderer_main.cc(226)] Running without renderer sandbox
[0929/122111:ERROR:renderer_main.cc(226)] Running without renderer sandbox
[0929/122141:ERROR:renderer_main.cc(226)] Running without renderer sandbox
[0929/122141:ERROR:renderer_main.cc(226)] Running without renderer sandbox
[0929/122208:ERROR:renderer_main.cc(226)] Running without renderer sandbox
[0929/122208:ERROR:renderer_main.cc(226)] Running without renderer sandbox
[0929/122226:ERROR:renderer_main.cc(226)] Running without renderer sandbox
[0929/122226:ERROR:renderer_main.cc(226)] Running without renderer sandbox
[0929/122246:ERROR:renderer_main.cc(226)] Running without renderer sandbox
[0929/122246:ERROR:renderer_main.cc(226)] Running without renderer sandbox
[0929/122337:ERROR:renderer_main.cc(226)] Running without renderer sandbox
[0929/122337:ERROR:renderer_main.cc(226)] Running without renderer sandbox
[0929/122450:ERROR:renderer_main.cc(226)] Running without renderer sandbox
[0929/122450:ERROR:renderer_main.cc(226)] Running without renderer sandbox
[0929/122535:ERROR:renderer_main.cc(226)] Running without renderer sandbox
[0929/122535:ERROR:renderer_main.cc(226)] Running without renderer sandbox
[0929/122547:ERROR:renderer_main.cc(226)] Running without renderer sandbox
[0929/122547:ERROR:renderer_main.cc(226)] Running without renderer sandbox
[0929/122603:ERROR:renderer_main.cc(226)] Running without renderer sandbox
[0929/122603:ERROR:renderer_main.cc(226)] Running without renderer sandbox
[0929/122722:ERROR:renderer_main.cc(226)] Running without renderer sandbox
[0929/122745:ERROR:ipc_channel_win.cc(405)] pipe error: 232
[0929/122745:ERROR:renderer_main.cc(226)] Running without renderer sandbox
[0929/122745:ERROR:renderer_main.cc(226)] Running without renderer sandbox
[0929/122952:ERROR:renderer_main.cc(226)] Running without renderer sandbox
[0929/122952:ERROR:renderer_main.cc(226)] Running without renderer sandbox
[0929/123020:ERROR:renderer_main.cc(226)] Running without renderer sandbox
[0929/123113:ERROR:renderer_main.cc(226)] Running without renderer sandbox
[0929/123137:ERROR:renderer_main.cc(226)] Running without renderer sandbox
[0929/123137:ERROR:renderer_main.cc(226)] Running without renderer sandbox
[0929/123146:ERROR:renderer_main.cc(226)] Running without renderer sandbox
[0929/123158:ERROR:renderer_main.cc(226)] Running without renderer sandbox
[0929/123158:ERROR:renderer_main.cc(226)] Running without renderer sandbox
[0929/123223:ERROR:renderer_main.cc(226)] Running without renderer sandbox
[0929/123223:ERROR:renderer_main.cc(226)] Running without renderer sandbox
[0929/123259:ERROR:renderer_main.cc(226)] Running without renderer sandbox
[0929/123259:ERROR:renderer_main.cc(226)] Running without renderer sandbox
[0929/123320:ERROR:renderer_main.cc(226)] Running without renderer sandbox
[0929/123320:ERROR:renderer_main.cc(226)] Running without renderer sandbox
[0929/123336:ERROR:renderer_main.cc(226)] Running without renderer sandbox
[0929/123336:ERROR:renderer_main.cc(226)] Running without renderer sandbox
[0929/123416:ERROR:renderer_main.cc(226)] Running without renderer sandbox
[0929/123441:ERROR:renderer_main.cc(226)] Running without renderer sandbox
[0929/123441:ERROR:renderer_main.cc(226)] Running without renderer sandbox
[0929/123501:ERROR:renderer_main.cc(226)] Running without renderer sandbox
[0929/123501:ERROR:renderer_main.cc(226)] Running without renderer sandbox
[0929/123520:ERROR:renderer_main.cc(226)] Running without renderer sandbox
[0929/123520:ERROR:renderer_main.cc(226)] Running without renderer sandbox
[0929/123541:ERROR:renderer_main.cc(226)] Running without renderer sandbox
[0929/123541:ERROR:renderer_main.cc(226)] Running without renderer sandbox
[0929/123650:ERROR:renderer_main.cc(226)] Running without renderer sandbox
[0929/123650:ERROR:renderer_main.cc(226)] Running without renderer sandbox
[0929/123723:ERROR:renderer_main.cc(226)] Running without renderer sandbox
[0929/123723:ERROR:renderer_main.cc(226)] Running without renderer sandbox
[0929/123749:ERROR:renderer_main.cc(226)] Running without renderer sandbox
[0929/123749:ERROR:renderer_main.cc(226)] Running without renderer sandbox
[0929/123828:ERROR:renderer_main.cc(226)] Running without renderer sandbox
[0929/123828:ERROR:renderer_main.cc(226)] Running without renderer sandbox
[0929/123843:ERROR:renderer_main.cc(226)] Running without renderer sandbox
[0929/123851:ERROR:renderer_main.cc(226)] Running without renderer sandbox
[0929/123851:ERROR:renderer_main.cc(226)] Running without renderer sandbox
[0929/123857:ERROR:renderer_main.cc(226)] Running without renderer sandbox
[0929/123857:ERROR:renderer_main.cc(226)] Running without renderer sandbox
[0929/123902:ERROR:renderer_main.cc(226)] Running without renderer sandbox
[0929/123914:ERROR:renderer_main.cc(226)] Running without renderer sandbox
[0929/123914:ERROR:renderer_main.cc(226)] Running without renderer sandbox
[0929/123917:ERROR:renderer_main.cc(226)] Running without renderer sandbox
[0929/123917:ERROR:renderer_main.cc(226)] Running without renderer sandbox
[0929/123922:ERROR:renderer_main.cc(226)] Running without renderer sandbox
[0929/123922:ERROR:renderer_main.cc(226)] Running without renderer sandbox
[0929/123942:ERROR:renderer_main.cc(226)] Running without renderer sandbox
[0929/124002:ERROR:renderer_main.cc(226)] Running without renderer sandbox
[0929/124002:ERROR:renderer_main.cc(226)] Running without renderer sandbox
[0929/124013:ERROR:renderer_main.cc(226)] Running without renderer sandbox
[0929/124013:ERROR:renderer_main.cc(226)] Running without renderer sandbox
[0929/124030:ERROR:renderer_main.cc(226)] Running without renderer sandbox
[0929/124030:ERROR:renderer_main.cc(226)] Running without renderer sandbox
[0929/124044:ERROR:renderer_main.cc(226)] Running without renderer sandbox
[0929/124044:ERROR:renderer_main.cc(226)] Running without renderer sandbox
[0929/124054:ERROR:renderer_main.cc(226)] Running without renderer sandbox
[0929/124054:ERROR:renderer_main.cc(226)] Running without renderer sandbox
[0929/124109:ERROR:renderer_main.cc(226)] Running without renderer sandbox
[0929/124109:ERROR:renderer_main.cc(226)] Running without renderer sandbox
[0929/124126:ERROR:renderer_main.cc(226)] Running without renderer sandbox
[0929/124126:ERROR:renderer_main.cc(226)] Running without renderer sandbox
[0929/124157:ERROR:renderer_main.cc(226)] Running without renderer sandbox
[0929/124157:ERROR:renderer_main.cc(226)] Running without renderer sandbox
[0929/124243:ERROR:renderer_main.cc(226)] Running without renderer sandbox
[0929/124243:ERROR:renderer_main.cc(226)] Running without renderer sandbox
[0929/124423:ERROR:renderer_main.cc(226)] Running without renderer sandbox
[0929/124423:ERROR:renderer_main.cc(226)] Running without renderer sandbox
[0929/124457:ERROR:renderer_main.cc(226)] Running without renderer sandbox
[0929/124457:ERROR:renderer_main.cc(226)] Running without renderer sandbox
[0929/124518:ERROR:renderer_main.cc(226)] Running without renderer sandbox
[0929/124518:ERROR:renderer_main.cc(226)] Running without renderer sandbox
[0929/124530:ERROR:renderer_main.cc(226)] Running without renderer sandbox
[0929/124530:ERROR:renderer_main.cc(226)] Running without renderer sandbox
[0929/124615:ERROR:renderer_main.cc(226)] Running without renderer sandbox
[0929/124615:ERROR:renderer_main.cc(226)] Running without renderer sandbox
[0929/124652:ERROR:renderer_main.cc(226)] Running without renderer sandbox
[0929/124652:ERROR:renderer_main.cc(226)] Running without renderer sandbox
[0929/124719:ERROR:renderer_main.cc(226)] Running without renderer sandbox
[0929/124719:ERROR:renderer_main.cc(226)] Running without renderer sandbox
[0929/124738:ERROR:renderer_main.cc(226)] Running without renderer sandbox
[0929/124909:ERROR:renderer_main.cc(226)] Running without renderer sandbox
[0929/124909:ERROR:renderer_main.cc(226)] Running without renderer sandbox
[0929/124924:ERROR:renderer_main.cc(226)] Running without renderer sandbox
[0929/124924:ERROR:renderer_main.cc(226)] Running without renderer sandbox
[0929/125025:ERROR:renderer_main.cc(226)] Running without renderer sandbox
[0929/125025:ERROR:renderer_main.cc(226)] Running without renderer sandbox
[0929/125105:ERROR:renderer_main.cc(226)] Running without renderer sandbox
[0929/125105:ERROR:renderer_main.cc(226)] Running without renderer sandbox
[0929/130210:ERROR:renderer_main.cc(226)] Running without renderer sandbox
[0929/130215:ERROR:renderer_main.cc(226)] Running without renderer sandbox
[0929/130219:ERROR:renderer_main.cc(226)] Running without renderer sandbox
[0929/130219:ERROR:renderer_main.cc(226)] Running without renderer sandbox
[0929/131256:ERROR:renderer_main.cc(226)] Running without renderer sandbox
[0929/131256:ERROR:renderer_main.cc(226)] Running without renderer sandbox
[0929/131356:ERROR:renderer_main.cc(226)] Running without renderer sandbox
[0929/131356:ERROR:renderer_main.cc(226)] Running without renderer sandbox
[0929/131429:ERROR:renderer_main.cc(226)] Running without renderer sandbox
[0929/131429:ERROR:renderer_main.cc(226)] Running without renderer sandbox
[0929/131544:ERROR:renderer_main.cc(226)] Running without renderer sandbox
[0929/131544:ERROR:renderer_main.cc(226)] Running without renderer sandbox
[0929/131600:ERROR:renderer_main.cc(226)] Running without renderer sandbox
[0929/131600:ERROR:renderer_main.cc(226)] Running without renderer sandbox
[0929/131627:ERROR:renderer_main.cc(226)] Running without renderer sandbox
[0929/131627:ERROR:renderer_main.cc(226)] Running without renderer sandbox
[0929/134053:ERROR:renderer_main.cc(226)] Running without renderer sandbox
[0929/134121:ERROR:renderer_main.cc(226)] Running without renderer sandbox
[0929/134146:ERROR:renderer_main.cc(226)] Running without renderer sandbox
[0929/135716:ERROR:renderer_main.cc(226)] Running without renderer sandbox
[0929/135722:ERROR:renderer_main.cc(226)] Running without renderer sandbox
[0929/135724:ERROR:renderer_main.cc(226)] Running without renderer sandbox
[0929/135729:ERROR:renderer_main.cc(226)] Running without renderer sandbox
[0929/140136:ERROR:renderer_main.cc(226)] Running without renderer sandbox
[0929/140136:ERROR:renderer_main.cc(226)] Running without renderer sandbox
[0929/140142:ERROR:renderer_main.cc(226)] Running without renderer sandbox
[0929/140142:ERROR:renderer_main.cc(226)] Running without renderer sandbox
[0929/140201:ERROR:renderer_main.cc(226)] Running without renderer sandbox
[0929/140201:ERROR:renderer_main.cc(226)] Running without renderer sandbox
[0929/140216:ERROR:renderer_main.cc(226)] Running without renderer sandbox
[0929/140216:ERROR:renderer_main.cc(226)] Running without renderer sandbox
[0929/140237:ERROR:renderer_main.cc(226)] Running without renderer sandbox
[0929/140237:ERROR:renderer_main.cc(226)] Running without renderer sandbox
[0929/140317:ERROR:renderer_main.cc(226)] Running without renderer sandbox
[0929/140317:ERROR:renderer_main.cc(226)] Running without renderer sandbox
[0929/140340:ERROR:renderer_main.cc(226)] Running without renderer sandbox
[0929/140340:ERROR:renderer_main.cc(226)] Running without renderer sandbox
[0929/140708:ERROR:renderer_main.cc(226)] Running without renderer sandbox
[0929/140708:ERROR:renderer_main.cc(226)] Running without renderer sandbox
[0929/140817:ERROR:renderer_main.cc(226)] Running without renderer sandbox
[0929/140826:ERROR:renderer_main.cc(226)] Running without renderer sandbox
[0929/140826:ERROR:renderer_main.cc(226)] Running without renderer sandbox
[0929/140846:ERROR:renderer_main.cc(226)] Running without renderer sandbox
[0929/140846:ERROR:renderer_main.cc(226)] Running without renderer sandbox
[0929/141154:ERROR:renderer_main.cc(226)] Running without renderer sandbox
[0929/141154:ERROR:renderer_main.cc(226)] Running without renderer sandbox
[0929/141605:ERROR:renderer_main.cc(226)] Running without renderer sandbox
[0929/141605:ERROR:renderer_main.cc(226)] Running without renderer sandbox
[0929/141838:ERROR:renderer_main.cc(226)] Running without renderer sandbox
[0929/141838:ERROR:renderer_main.cc(226)] Running without renderer sandbox
[0929/141931:ERROR:renderer_main.cc(226)] Running without renderer sandbox
[0929/141931:ERROR:renderer_main.cc(226)] Running without renderer sandbox
[0929/142815:ERROR:tcp_listen_socket.cc(69)] Could not bind socket to 127.0.0.1:20480
[0929/142815:ERROR:renderer_main.cc(226)] Running without renderer sandbox
[0929/142904:ERROR:renderer_main.cc(226)] Running without renderer sandbox
[0929/142911:ERROR:renderer_main.cc(226)] Running without renderer sandbox
[0929/143158:ERROR:tcp_listen_socket.cc(69)] Could not bind socket to 127.0.0.1:20480
[0929/143158:ERROR:renderer_main.cc(226)] Running without renderer sandbox
[0929/143211:ERROR:renderer_main.cc(226)] Running without renderer sandbox
[0929/143214:ERROR:renderer_main.cc(226)] Running without renderer sandbox
[0929/143441:ERROR:renderer_main.cc(226)] Running without renderer sandbox
[0929/150519:ERROR:renderer_main.cc(226)] Running without renderer sandbox
